<?xml version="1.0" encoding="UTF-8"?>
<testng-results ignored="0" total="1" passed="1" failed="0" skipped="0">
  <reporter-output>
  </reporter-output>
  <suite started-at="2022-01-28T22:38:39 PKT" name="Default suite" finished-at="2022-01-28T22:38:50 PKT" duration-ms="11412">
    <groups>
    </groups>
    <test started-at="2022-01-28T22:38:39 PKT" name="Default test" finished-at="2022-01-28T22:38:50 PKT" duration-ms="11412">
      <class name="verifyPracticePom.verifyPodioLogin">
        <test-method signature="verifyLogin()[pri:0, instance:verifyPracticePom.verifyPodioLogin@4d5b6aac]" started-at="2022-01-28T22:38:39 PKT" name="verifyLogin" finished-at="2022-01-28T22:38:50 PKT" duration-ms="11369" status="PASS">
          <reporter-output>
          </reporter-output>
        </test-method> <!-- verifyLogin -->
      </class> <!-- verifyPracticePom.verifyPodioLogin -->
    </test> <!-- Default test -->
  </suite> <!-- Default suite -->
</testng-results>
